::1 - - [04/Dec/2023:13:22:13 -0300] "GET /phpmyadmin HTTP/1.1" 301 241
::1 - - [04/Dec/2023:13:22:13 -0300] "GET /phpmyadmin/ HTTP/1.1" 200 8469
::1 - - [04/Dec/2023:13:22:13 -0300] "GET /phpmyadmin/themes/pmahomme/jquery/jquery-ui-1.9.2.custom.css HTTP/1.1" 200 32278
::1 - - [04/Dec/2023:13:22:13 -0300] "GET /phpmyadmin/js/get_scripts.js.php?scripts[]=jquery/jquery-1.8.3.js&scripts[]=ajax.js&scripts[]=keyhandler.js&scripts[]=jquery/jquery-ui-1.9.2.custom.js&scripts[]=jquery/jquery.sprintf.js&scripts[]=jquery/jquery.cookie.js&scripts[]=jquery/jquery.mousewheel.js&scripts[]=jquery/jquery.event.drag-2.2.js&scripts[]=jquery/jquery-ui-timepicker-addon.js&scripts[]=jquery/jquery.ba-hashchange-1.3.js&scripts[]=jquery/jquery.debounce-1.0.5.js&scripts[]=jquery/jquery.menuResizer-1.0.js&scripts[]=rte.js&scripts[]=functions.js&scripts[]=navigation.js&scripts[]=indexes.js&scripts[]=common.js&scripts[]=codemirror/lib/codemirror.js&scripts[]=codemirror/mode/mysql/mysql.js HTTP/1.1" 200 578562
::1 - - [04/Dec/2023:13:22:13 -0300] "GET /phpmyadmin/phpmyadmin.css.php?server=1&lang=en&collation_connection=utf8_general_ci&token=929bab23e1cf80f91f05fb70f5a2051e&nocache=4125195912ltr HTTP/1.1" 200 88608
::1 - - [04/Dec/2023:13:22:13 -0300] "GET /phpmyadmin/themes/pmahomme/jquery/images/ui-bg_flat_75_ffffff_40x100.png HTTP/1.1" 200 178
::1 - - [04/Dec/2023:13:22:13 -0300] "GET /phpmyadmin/themes/pmahomme/jquery/images/ui-bg_highlight-soft_75_cccccc_1x100.png HTTP/1.1" 200 101
::1 - - [04/Dec/2023:13:22:13 -0300] "GET /phpmyadmin/js/messages.php?lang=en&db=&server=0&collation_connection=utf8_general_ci&token=8e9854703290c0142b455ff5596f153d HTTP/1.1" 200 16674
::1 - - [04/Dec/2023:13:22:13 -0300] "GET /phpmyadmin/themes/pmahomme/jquery/images/ui-bg_glass_75_e6e6e6_1x400.png HTTP/1.1" 200 110
::1 - - [04/Dec/2023:13:22:13 -0300] "GET /phpmyadmin/themes/pmahomme/jquery/images/ui-bg_glass_75_dadada_1x400.png HTTP/1.1" 200 159
::1 - - [04/Dec/2023:13:22:13 -0300] "GET /phpmyadmin/js/get_image.js.php?theme=pmahomme HTTP/1.1" 200 6263
::1 - - [04/Dec/2023:13:22:13 -0300] "GET /phpmyadmin/themes/pmahomme/jquery/images/ui-bg_glass_65_ffffff_1x400.png HTTP/1.1" 200 105
::1 - - [04/Dec/2023:13:22:14 -0300] "GET /phpmyadmin/themes/pmahomme/jquery/images/ui-bg_glass_95_fef1ec_1x400.png HTTP/1.1" 200 119
::1 - - [04/Dec/2023:13:22:14 -0300] "GET /phpmyadmin/themes/pmahomme/jquery/images/ui-icons_222222_256x240.png HTTP/1.1" 200 4369
::1 - - [04/Dec/2023:13:22:13 -0300] "GET /phpmyadmin/themes/pmahomme/jquery/images/ui-bg_glass_55_fbf9ee_1x400.png HTTP/1.1" 200 120
::1 - - [04/Dec/2023:13:22:14 -0300] "GET /phpmyadmin/themes/dot.gif HTTP/1.1" 200 43
::1 - - [04/Dec/2023:13:22:14 -0300] "GET /phpmyadmin/themes/pmahomme/img/logo_right.png HTTP/1.1" 200 4548
::1 - - [04/Dec/2023:13:22:14 -0300] "GET /phpmyadmin/themes/pmahomme/jquery/images/ui-icons_888888_256x240.png HTTP/1.1" 200 4369
::1 - - [04/Dec/2023:13:22:14 -0300] "GET /phpmyadmin/themes/pmahomme/jquery/images/ui-icons_2e83ff_256x240.png HTTP/1.1" 200 4369
::1 - - [04/Dec/2023:13:22:14 -0300] "GET /phpmyadmin/themes/pmahomme/jquery/images/ui-icons_cd0a0a_256x240.png HTTP/1.1" 200 4369
::1 - - [04/Dec/2023:13:22:14 -0300] "GET /phpmyadmin/themes/pmahomme/jquery/images/ui-bg_flat_0_aaaaaa_40x100.png HTTP/1.1" 200 180
::1 - - [04/Dec/2023:13:22:14 -0300] "GET /phpmyadmin/themes/pmahomme/jquery/images/ui-icons_454545_256x240.png HTTP/1.1" 200 4369
::1 - - [04/Dec/2023:13:22:14 -0300] "GET /phpmyadmin/themes/pmahomme/img/ajax_clock_small.gif HTTP/1.1" 200 1810
::1 - - [04/Dec/2023:13:22:14 -0300] "GET /phpmyadmin/themes/pmahomme/img/col_pointer.png HTTP/1.1" 200 113
::1 - - [04/Dec/2023:13:22:14 -0300] "GET /phpmyadmin/themes/pmahomme/img/col_drop.png HTTP/1.1" 200 132
::1 - - [04/Dec/2023:13:22:14 -0300] "GET /phpmyadmin/themes/pmahomme/img/pmd/Header.png HTTP/1.1" 200 125
::1 - - [04/Dec/2023:13:22:14 -0300] "GET /phpmyadmin/themes/pmahomme/img/left_nav_bg.png HTTP/1.1" 200 297
::1 - - [04/Dec/2023:13:22:14 -0300] "GET /phpmyadmin/themes/pmahomme/img/pmd/Header_Linked.png HTTP/1.1" 200 108
::1 - - [04/Dec/2023:13:22:14 -0300] "GET /phpmyadmin/themes/pmahomme/img/pmd/left_panel_butt.png HTTP/1.1" 200 129
::1 - - [04/Dec/2023:13:22:14 -0300] "GET /phpmyadmin/themes/pmahomme/img/pmd/small_tab.png HTTP/1.1" 200 180
::1 - - [04/Dec/2023:13:22:14 -0300] "GET /phpmyadmin/themes/pmahomme/img/pmd/1.png HTTP/1.1" 200 101
::1 - - [04/Dec/2023:13:22:14 -0300] "GET /phpmyadmin/themes/pmahomme/img/pmd/2.png HTTP/1.1" 200 169
::1 - - [04/Dec/2023:13:22:14 -0300] "GET /phpmyadmin/themes/pmahomme/img/pmd/4.png HTTP/1.1" 200 181
::1 - - [04/Dec/2023:13:22:14 -0300] "GET /phpmyadmin/themes/pmahomme/img/pmd/6.png HTTP/1.1" 200 98
::1 - - [04/Dec/2023:13:22:14 -0300] "GET /phpmyadmin/themes/pmahomme/img/pmd/8.png HTTP/1.1" 200 88
::1 - - [04/Dec/2023:13:22:14 -0300] "GET /phpmyadmin/themes/pmahomme/img/pmd/7.png HTTP/1.1" 200 105
::1 - - [04/Dec/2023:13:22:14 -0300] "GET /phpmyadmin/themes/pmahomme/img/pmd/top_panel.png HTTP/1.1" 200 173
::1 - - [04/Dec/2023:13:22:14 -0300] "GET /phpmyadmin/themes/pmahomme/img/pmd/resize.png HTTP/1.1" 200 121
::1 - - [04/Dec/2023:13:22:14 -0300] "GET /phpmyadmin/themes/pmahomme/img/pmd/plus.png HTTP/1.1" 200 969
::1 - - [04/Dec/2023:13:22:14 -0300] "GET /phpmyadmin/themes/pmahomme/img/pmd/minus.png HTTP/1.1" 200 1004
::1 - - [04/Dec/2023:13:22:14 -0300] "GET /phpmyadmin/themes/pmahomme/img/sprites.png HTTP/1.1" 200 61899
::1 - - [04/Dec/2023:13:22:14 -0300] "GET /phpmyadmin/themes/pmahomme/img/pmd/5.png HTTP/1.1" 200 90
::1 - - [04/Dec/2023:13:22:14 -0300] "GET /phpmyadmin/themes/pmahomme/img/pmd/3.png HTTP/1.1" 200 175
::1 - - [04/Dec/2023:13:22:15 -0300] "GET /phpmyadmin/favicon.ico HTTP/1.1" 200 18902
::1 - - [04/Dec/2023:13:22:23 -0300] "POST /phpmyadmin/index.php HTTP/1.1" 302 -
::1 - - [04/Dec/2023:13:22:23 -0300] "GET /phpmyadmin/index.php?token=929bab23e1cf80f91f05fb70f5a2051e HTTP/1.1" 200 42623
::1 - - [04/Dec/2023:13:22:23 -0300] "GET /phpmyadmin/themes/pmahomme/img/logo_left.png HTTP/1.1" 200 2327
::1 - - [04/Dec/2023:13:22:23 -0300] "GET /phpmyadmin/phpmyadmin.css.php?server=1&token=929bab23e1cf80f91f05fb70f5a2051e&nocache=5826902855ltr HTTP/1.1" 200 88608
::1 - - [04/Dec/2023:13:22:23 -0300] "GET /phpmyadmin/js/messages.php?lang=en&db=&server=0&token=929bab23e1cf80f91f05fb70f5a2051e HTTP/1.1" 200 16674
::1 - - [04/Dec/2023:13:22:24 -0300] "GET /phpmyadmin/version_check.php?&_nocache=1701706944152201376 HTTP/1.1" 200 39
::1 - - [04/Dec/2023:13:22:27 -0300] "GET /phpmyadmin/navigation.php?ajax_request=1&token=929bab23e1cf80f91f05fb70f5a2051e&aPath=cm9vdA%3D%3D.ZGJfYXJ0ZXNhbmF0b3MtanVsaWE%3D&vPath=cm9vdA%3D%3D.ZGJfYXJ0ZXNhbmF0b3MtanVsaWE%3D&pos=0&pos2_name=&pos2_value=&searchClause=&searchClause2=&_nocache=1701706947156487067 HTTP/1.1" 200 5644
::1 - - [04/Dec/2023:13:22:29 -0300] "GET /phpmyadmin/db_structure.php?server=1&db=db_artesanatos-julia&token=929bab23e1cf80f91f05fb70f5a2051e&ajax_request=true&ajax_page_request=true&menuHashes=0969fea0&_nocache=1701706949174907549 HTTP/1.1" 200 27280
::1 - - [04/Dec/2023:13:22:30 -0300] "GET /phpmyadmin/js/get_scripts.js.php?scripts[]=db_structure.js&scripts[]=tbl_change.js HTTP/1.1" 200 12382
::1 - - [04/Dec/2023:13:22:30 -0300] "GET /phpmyadmin/themes/pmahomme/img/arrow_ltr.png HTTP/1.1" 200 139
::1 - - [04/Dec/2023:13:22:34 -0300] "GET /phpmyadmin/db_export.php?db=db_artesanatos-julia&token=929bab23e1cf80f91f05fb70f5a2051e&ajax_request=true&ajax_page_request=true&menuHashes=0969fea0-5b150e0f&_nocache=1701706954348405807 HTTP/1.1" 200 36178
::1 - - [04/Dec/2023:13:22:34 -0300] "GET /phpmyadmin/js/get_scripts.js.php?scripts[]=export.js HTTP/1.1" 200 5954
::1 - - [04/Dec/2023:13:24:07 -0300] "POST /phpmyadmin/export.php HTTP/1.1" 200 6910
